app/build/intermediates/manifest_merge_blame_file/debug/processDebugMainManifest/manifest-merger-blame-debug-report.txt
1<?xml version="1.0" encoding="utf-8"?>
2<manifest xmlns:android="http://schemas.android.com/apk/res/android"
3    package="com.example.barcodescanner"
4    android:versionCode="1"
5    android:versionName="1.0" >
6
7    <uses-sdk
8        android:minSdkVersion="24"
9        android:targetSdkVersion="34" />
10
11    <!-- Existing Permissions -->
12    <uses-permission android:name="android.permission.CAMERA" />
12-->src\main\AndroidManifest.xml:6:5-65
12-->src\main\AndroidManifest.xml:6:22-62
13    <uses-permission android:name="android.permission.INTERNET" />
13-->src\main\AndroidManifest.xml:7:5-67
13-->src\main\AndroidManifest.xml:7:22-64
14    <uses-permission android:name="android.permission.VIBRATE" />
14-->src\main\AndroidManifest.xml:8:5-66
14-->src\main\AndroidManifest.xml:8:22-63
15    <uses-permission
15-->src\main\AndroidManifest.xml:9:5-10:38
16        android:name="android.permission.WRITE_EXTERNAL_STORAGE"
16-->src\main\AndroidManifest.xml:9:22-78
17        android:maxSdkVersion="28" />
17-->src\main\AndroidManifest.xml:10:9-35
18
19    <!-- 🚀 ENHANCED: Wake lock and screen management permissions -->
20    <uses-permission android:name="android.permission.WAKE_LOCK" />
20-->src\main\AndroidManifest.xml:13:5-68
20-->src\main\AndroidManifest.xml:13:22-65
21    <uses-permission android:name="android.permission.ACCESS_NETWORK_STATE" />
21-->src\main\AndroidManifest.xml:14:5-79
21-->src\main\AndroidManifest.xml:14:22-76
22    <uses-permission android:name="android.permission.ACCESS_WIFI_STATE" />
22-->src\main\AndroidManifest.xml:15:5-76
22-->src\main\AndroidManifest.xml:15:22-73
23    <uses-permission android:name="android.permission.FOREGROUND_SERVICE" />
23-->src\main\AndroidManifest.xml:16:5-77
23-->src\main\AndroidManifest.xml:16:22-74
24
25    <!-- 🆕 NEW: Additional permissions for screen management -->
26    <uses-permission android:name="android.permission.DISABLE_KEYGUARD" />
26-->src\main\AndroidManifest.xml:19:5-75
26-->src\main\AndroidManifest.xml:19:22-72
27    <uses-permission android:name="android.permission.TURN_SCREEN_ON" />
27-->src\main\AndroidManifest.xml:20:5-73
27-->src\main\AndroidManifest.xml:20:22-70
28    <uses-permission android:name="android.permission.SYSTEM_ALERT_WINDOW" />
28-->src\main\AndroidManifest.xml:21:5-78
28-->src\main\AndroidManifest.xml:21:22-75
29
30    <!-- Camera Features -->
31    <uses-feature
31-->src\main\AndroidManifest.xml:24:5-26:35
32        android:name="android.hardware.camera"
32-->src\main\AndroidManifest.xml:25:9-47
33        android:required="true" />
33-->src\main\AndroidManifest.xml:26:9-32
34    <uses-feature
34-->src\main\AndroidManifest.xml:27:5-29:36
35        android:name="android.hardware.camera.autofocus"
35-->src\main\AndroidManifest.xml:28:9-57
36        android:required="false" />
36-->src\main\AndroidManifest.xml:29:9-33
37
38    <queries>
38-->[androidx.camera:camera-extensions:1.3.2] AndroidManifest.xml:22:5-26:15
39        <intent>
39-->[androidx.camera:camera-extensions:1.3.2] AndroidManifest.xml:23:9-25:18
40            <action android:name="androidx.camera.extensions.action.VENDOR_ACTION" />
40-->[androidx.camera:camera-extensions:1.3.2] AndroidManifest.xml:24:13-86
40-->[androidx.camera:camera-extensions:1.3.2] AndroidManifest.xml:24:21-83
41        </intent>
42    </queries>
43
44    <uses-permission android:name="android.permission.RECEIVE_BOOT_COMPLETED" />
44-->[androidx.work:work-runtime:2.8.1] AndroidManifest.xml:25:5-81
44-->[androidx.work:work-runtime:2.8.1] AndroidManifest.xml:25:22-78
45
46    <permission
46-->[androidx.core:core:1.12.0] AndroidManifest.xml:22:5-24:47
47        android:name="com.example.barcodescanner.DYNAMIC_RECEIVER_NOT_EXPORTED_PERMISSION"
47-->[androidx.core:core:1.12.0] AndroidManifest.xml:23:9-81
48        android:protectionLevel="signature" />
48-->[androidx.core:core:1.12.0] AndroidManifest.xml:24:9-44
49
50    <uses-permission android:name="com.example.barcodescanner.DYNAMIC_RECEIVER_NOT_EXPORTED_PERMISSION" />
50-->[androidx.core:core:1.12.0] AndroidManifest.xml:26:5-97
50-->[androidx.core:core:1.12.0] AndroidManifest.xml:26:22-94
51
52    <application
52-->src\main\AndroidManifest.xml:31:5-123:19
53        android:allowBackup="true"
53-->src\main\AndroidManifest.xml:32:9-35
54        android:appComponentFactory="androidx.core.app.CoreComponentFactory"
54-->[androidx.core:core:1.12.0] AndroidManifest.xml:28:18-86
55        android:debuggable="true"
56        android:extractNativeLibs="false"
57        android:icon="@mipmap/ic_launcher"
57-->src\main\AndroidManifest.xml:33:9-43
58        android:label="@string/app_name"
58-->src\main\AndroidManifest.xml:34:9-41
59        android:networkSecurityConfig="@xml/network_security_config"
59-->src\main\AndroidManifest.xml:36:9-69
60        android:testOnly="true"
61        android:theme="@style/AppTheme" >
61-->src\main\AndroidManifest.xml:35:9-40
62
63        <!-- 🔄 UPDATED: DashboardActivity is now the main launcher -->
64        <activity
64-->src\main\AndroidManifest.xml:40:9-48:20
65            android:name="com.example.barcodescanner.ui.DashboardActivity"
65-->src\main\AndroidManifest.xml:41:13-49
66            android:exported="true"
66-->src\main\AndroidManifest.xml:42:13-36
67            android:screenOrientation="portrait" >
67-->src\main\AndroidManifest.xml:43:13-49
68            <intent-filter>
68-->src\main\AndroidManifest.xml:44:13-47:29
69                <action android:name="android.intent.action.MAIN" />
69-->src\main\AndroidManifest.xml:45:17-69
69-->src\main\AndroidManifest.xml:45:25-66
70
71                <category android:name="android.intent.category.LAUNCHER" />
71-->src\main\AndroidManifest.xml:46:17-77
71-->src\main\AndroidManifest.xml:46:27-74
72            </intent-filter>
73        </activity>
74
75        <!-- MainActivity - Live View Scanning -->
76        <activity
76-->src\main\AndroidManifest.xml:51:9-61:20
77            android:name="com.example.barcodescanner.MainActivity"
77-->src\main\AndroidManifest.xml:52:13-41
78            android:exported="false"
78-->src\main\AndroidManifest.xml:53:13-37
79            android:keepScreenOn="true"
79-->src\main\AndroidManifest.xml:57:13-40
80            android:label="QICSCAN Live View"
80-->src\main\AndroidManifest.xml:55:13-46
81            android:parentActivityName="com.example.barcodescanner.ui.DashboardActivity"
81-->src\main\AndroidManifest.xml:56:13-63
82            android:screenOrientation="portrait" >
82-->src\main\AndroidManifest.xml:54:13-49
83            <meta-data
83-->src\main\AndroidManifest.xml:58:13-60:57
84                android:name="android.support.PARENT_ACTIVITY"
84-->src\main\AndroidManifest.xml:59:17-63
85                android:value=".ui.DashboardActivity" />
85-->src\main\AndroidManifest.xml:60:17-54
86        </activity>
87
88        <!-- 📷 PhotoCaptureActivity - Photo-based Scanning -->
89        <activity
89-->src\main\AndroidManifest.xml:64:9-74:20
90            android:name="com.example.barcodescanner.ui.PhotoCaptureActivity"
90-->src\main\AndroidManifest.xml:65:13-52
91            android:exported="false"
91-->src\main\AndroidManifest.xml:66:13-37
92            android:keepScreenOn="true"
92-->src\main\AndroidManifest.xml:70:13-40
93            android:label="QICSCAN Photo Capture"
93-->src\main\AndroidManifest.xml:68:13-50
94            android:parentActivityName="com.example.barcodescanner.ui.DashboardActivity"
94-->src\main\AndroidManifest.xml:69:13-63
95            android:screenOrientation="portrait" >
95-->src\main\AndroidManifest.xml:67:13-49
96            <meta-data
96-->src\main\AndroidManifest.xml:58:13-60:57
97                android:name="android.support.PARENT_ACTIVITY"
97-->src\main\AndroidManifest.xml:59:17-63
98                android:value=".ui.DashboardActivity" />
98-->src\main\AndroidManifest.xml:60:17-54
99        </activity>
100
101        <!-- ResultsActivity - Shows scan results for Live View and Photo Capture -->
102        <activity
102-->src\main\AndroidManifest.xml:77:9-86:20
103            android:name="com.example.barcodescanner.ui.ResultsActivity"
103-->src\main\AndroidManifest.xml:78:13-47
104            android:exported="false"
104-->src\main\AndroidManifest.xml:79:13-37
105            android:label="Scan Results"
105-->src\main\AndroidManifest.xml:81:13-41
106            android:parentActivityName="com.example.barcodescanner.ui.DashboardActivity"
106-->src\main\AndroidManifest.xml:82:13-63
107            android:screenOrientation="portrait" >
107-->src\main\AndroidManifest.xml:80:13-49
108            <meta-data
108-->src\main\AndroidManifest.xml:58:13-60:57
109                android:name="android.support.PARENT_ACTIVITY"
109-->src\main\AndroidManifest.xml:59:17-63
110                android:value=".ui.DashboardActivity" />
110-->src\main\AndroidManifest.xml:60:17-54
111        </activity>
112
113        <!-- 🚀 ENHANCED: ConveyerScanActivity with wake lock features -->
114        <activity
114-->src\main\AndroidManifest.xml:89:9-102:20
115            android:name="com.example.barcodescanner.ui.ConveyerScanActivity"
115-->src\main\AndroidManifest.xml:90:13-52
116            android:excludeFromRecents="false"
116-->src\main\AndroidManifest.xml:97:13-47
117            android:exported="false"
117-->src\main\AndroidManifest.xml:91:13-37
118            android:keepScreenOn="true"
118-->src\main\AndroidManifest.xml:95:13-40
119            android:label="Conveyer Scan"
119-->src\main\AndroidManifest.xml:93:13-42
120            android:launchMode="singleTask"
120-->src\main\AndroidManifest.xml:96:13-44
121            android:parentActivityName="com.example.barcodescanner.ui.DashboardActivity"
121-->src\main\AndroidManifest.xml:94:13-63
122            android:screenOrientation="portrait"
122-->src\main\AndroidManifest.xml:92:13-49
123            android:theme="@style/Theme.AppCompat.Light.NoActionBar" >
123-->src\main\AndroidManifest.xml:98:13-69
124            <meta-data
124-->src\main\AndroidManifest.xml:58:13-60:57
125                android:name="android.support.PARENT_ACTIVITY"
125-->src\main\AndroidManifest.xml:59:17-63
126                android:value=".ui.DashboardActivity" />
126-->src\main\AndroidManifest.xml:60:17-54
127        </activity>
128
129        <!-- 🚀 NEW: ConveyerResultsActivity - Shows conveyer scan results -->
130        <activity
130-->src\main\AndroidManifest.xml:105:9-114:20
131            android:name="com.example.barcodescanner.ui.ConveyerResultsActivity"
131-->src\main\AndroidManifest.xml:106:13-55
132            android:exported="false"
132-->src\main\AndroidManifest.xml:107:13-37
133            android:label="Conveyer Results"
133-->src\main\AndroidManifest.xml:109:13-45
134            android:parentActivityName="com.example.barcodescanner.ui.ConveyerScanActivity"
134-->src\main\AndroidManifest.xml:110:13-66
135            android:screenOrientation="portrait" >
135-->src\main\AndroidManifest.xml:108:13-49
136            <meta-data
136-->src\main\AndroidManifest.xml:58:13-60:57
137                android:name="android.support.PARENT_ACTIVITY"
137-->src\main\AndroidManifest.xml:59:17-63
138                android:value=".ui.ConveyerScanActivity" />
138-->src\main\AndroidManifest.xml:60:17-54
139        </activity>
140
141        <!-- 🚀 ENHANCED: CloudSyncService with wake lock capability -->
142        <service
142-->src\main\AndroidManifest.xml:117:9-121:56
143            android:name="com.example.barcodescanner.service.CloudSyncService"
143-->src\main\AndroidManifest.xml:118:13-53
144            android:enabled="true"
144-->src\main\AndroidManifest.xml:119:13-35
145            android:exported="false"
145-->src\main\AndroidManifest.xml:120:13-37
146            android:foregroundServiceType="dataSync" />
146-->src\main\AndroidManifest.xml:121:13-53
147
148        <uses-library
148-->[androidx.camera:camera-extensions:1.3.2] AndroidManifest.xml:29:9-31:40
149            android:name="androidx.camera.extensions.impl"
149-->[androidx.camera:camera-extensions:1.3.2] AndroidManifest.xml:30:13-59
150            android:required="false" />
150-->[androidx.camera:camera-extensions:1.3.2] AndroidManifest.xml:31:13-37
151
152        <service
152-->[androidx.camera:camera-camera2:1.3.2] AndroidManifest.xml:24:9-33:19
153            android:name="androidx.camera.core.impl.MetadataHolderService"
153-->[androidx.camera:camera-camera2:1.3.2] AndroidManifest.xml:25:13-75
154            android:enabled="false"
154-->[androidx.camera:camera-camera2:1.3.2] AndroidManifest.xml:26:13-36
155            android:exported="false" >
155-->[androidx.camera:camera-camera2:1.3.2] AndroidManifest.xml:27:13-37
156            <meta-data
156-->[androidx.camera:camera-camera2:1.3.2] AndroidManifest.xml:30:13-32:89
157                android:name="androidx.camera.core.impl.MetadataHolderService.DEFAULT_CONFIG_PROVIDER"
157-->[androidx.camera:camera-camera2:1.3.2] AndroidManifest.xml:31:17-103
158                android:value="androidx.camera.camera2.Camera2Config$DefaultProvider" />
158-->[androidx.camera:camera-camera2:1.3.2] AndroidManifest.xml:32:17-86
159        </service>
160        <service
160-->[com.google.android.gms:play-services-mlkit-barcode-scanning:18.3.0] AndroidManifest.xml:9:9-15:19
161            android:name="com.google.mlkit.common.internal.MlKitComponentDiscoveryService"
161-->[com.google.android.gms:play-services-mlkit-barcode-scanning:18.3.0] AndroidManifest.xml:10:13-91
162            android:directBootAware="true"
162-->[com.google.mlkit:common:18.9.0] AndroidManifest.xml:17:13-43
163            android:exported="false" >
163-->[com.google.android.gms:play-services-mlkit-barcode-scanning:18.3.0] AndroidManifest.xml:11:13-37
164            <meta-data
164-->[com.google.android.gms:play-services-mlkit-barcode-scanning:18.3.0] AndroidManifest.xml:12:13-14:85
165                android:name="com.google.firebase.components:com.google.mlkit.vision.barcode.internal.BarcodeRegistrar"
165-->[com.google.android.gms:play-services-mlkit-barcode-scanning:18.3.0] AndroidManifest.xml:13:17-120
166                android:value="com.google.firebase.components.ComponentRegistrar" />
166-->[com.google.android.gms:play-services-mlkit-barcode-scanning:18.3.0] AndroidManifest.xml:14:17-82
167            <meta-data
167-->[com.google.mlkit:vision-common:17.3.0] AndroidManifest.xml:12:13-14:85
168                android:name="com.google.firebase.components:com.google.mlkit.vision.common.internal.VisionCommonRegistrar"
168-->[com.google.mlkit:vision-common:17.3.0] AndroidManifest.xml:13:17-124
169                android:value="com.google.firebase.components.ComponentRegistrar" />
169-->[com.google.mlkit:vision-common:17.3.0] AndroidManifest.xml:14:17-82
170            <meta-data
170-->[com.google.mlkit:common:18.9.0] AndroidManifest.xml:20:13-22:85
171                android:name="com.google.firebase.components:com.google.mlkit.common.internal.CommonComponentRegistrar"
171-->[com.google.mlkit:common:18.9.0] AndroidManifest.xml:21:17-120
172                android:value="com.google.firebase.components.ComponentRegistrar" />
172-->[com.google.mlkit:common:18.9.0] AndroidManifest.xml:22:17-82
173        </service>
174
175        <provider
175-->[com.google.mlkit:common:18.9.0] AndroidManifest.xml:9:9-13:38
176            android:name="com.google.mlkit.common.internal.MlKitInitProvider"
176-->[com.google.mlkit:common:18.9.0] AndroidManifest.xml:10:13-78
177            android:authorities="com.example.barcodescanner.mlkitinitprovider"
177-->[com.google.mlkit:common:18.9.0] AndroidManifest.xml:11:13-69
178            android:exported="false"
178-->[com.google.mlkit:common:18.9.0] AndroidManifest.xml:12:13-37
179            android:initOrder="99" />
179-->[com.google.mlkit:common:18.9.0] AndroidManifest.xml:13:13-35
180
181        <activity
181-->[com.google.android.gms:play-services-base:18.1.0] AndroidManifest.xml:20:9-22:45
182            android:name="com.google.android.gms.common.api.GoogleApiActivity"
182-->[com.google.android.gms:play-services-base:18.1.0] AndroidManifest.xml:20:19-85
183            android:exported="false"
183-->[com.google.android.gms:play-services-base:18.1.0] AndroidManifest.xml:22:19-43
184            android:theme="@android:style/Theme.Translucent.NoTitleBar" />
184-->[com.google.android.gms:play-services-base:18.1.0] AndroidManifest.xml:21:19-78
185
186        <provider
186-->[androidx.work:work-runtime:2.8.1] AndroidManifest.xml:29:9-37:20
187            android:name="androidx.startup.InitializationProvider"
187-->[androidx.work:work-runtime:2.8.1] AndroidManifest.xml:30:13-67
188            android:authorities="com.example.barcodescanner.androidx-startup"
188-->[androidx.work:work-runtime:2.8.1] AndroidManifest.xml:31:13-68
189            android:exported="false" >
189-->[androidx.work:work-runtime:2.8.1] AndroidManifest.xml:32:13-37
190            <meta-data
190-->[androidx.work:work-runtime:2.8.1] AndroidManifest.xml:34:13-36:52
191                android:name="androidx.work.WorkManagerInitializer"
191-->[androidx.work:work-runtime:2.8.1] AndroidManifest.xml:35:17-68
192                android:value="androidx.startup" />
192-->[androidx.work:work-runtime:2.8.1] AndroidManifest.xml:36:17-49
193            <meta-data
193-->[androidx.emoji2:emoji2:1.2.0] AndroidManifest.xml:29:13-31:52
194                android:name="androidx.emoji2.text.EmojiCompatInitializer"
194-->[androidx.emoji2:emoji2:1.2.0] AndroidManifest.xml:30:17-75
195                android:value="androidx.startup" />
195-->[androidx.emoji2:emoji2:1.2.0] AndroidManifest.xml:31:17-49
196            <meta-data
196-->[androidx.lifecycle:lifecycle-process:2.7.0] AndroidManifest.xml:29:13-31:52
197                android:name="androidx.lifecycle.ProcessLifecycleInitializer"
197-->[androidx.lifecycle:lifecycle-process:2.7.0] AndroidManifest.xml:30:17-78
198                android:value="androidx.startup" />
198-->[androidx.lifecycle:lifecycle-process:2.7.0] AndroidManifest.xml:31:17-49
199            <meta-data
199-->[androidx.profileinstaller:profileinstaller:1.3.0] AndroidManifest.xml:29:13-31:52
200                android:name="androidx.profileinstaller.ProfileInstallerInitializer"
200-->[androidx.profileinstaller:profileinstaller:1.3.0] AndroidManifest.xml:30:17-85
201                android:value="androidx.startup" />
201-->[androidx.profileinstaller:profileinstaller:1.3.0] AndroidManifest.xml:31:17-49
202        </provider>
203
204        <service
204-->[androidx.work:work-runtime:2.8.1] AndroidManifest.xml:39:9-45:35
205            android:name="androidx.work.impl.background.systemalarm.SystemAlarmService"
205-->[androidx.work:work-runtime:2.8.1] AndroidManifest.xml:40:13-88
206            android:directBootAware="false"
206-->[androidx.work:work-runtime:2.8.1] AndroidManifest.xml:41:13-44
207            android:enabled="@bool/enable_system_alarm_service_default"
207-->[androidx.work:work-runtime:2.8.1] AndroidManifest.xml:42:13-72
208            android:exported="false" />
208-->[androidx.work:work-runtime:2.8.1] AndroidManifest.xml:43:13-37
209        <service
209-->[androidx.work:work-runtime:2.8.1] AndroidManifest.xml:46:9-52:35
210            android:name="androidx.work.impl.background.systemjob.SystemJobService"
210-->[androidx.work:work-runtime:2.8.1] AndroidManifest.xml:47:13-84
211            android:directBootAware="false"
211-->[androidx.work:work-runtime:2.8.1] AndroidManifest.xml:48:13-44
212            android:enabled="@bool/enable_system_job_service_default"
212-->[androidx.work:work-runtime:2.8.1] AndroidManifest.xml:49:13-70
213            android:exported="true"
213-->[androidx.work:work-runtime:2.8.1] AndroidManifest.xml:50:13-36
214            android:permission="android.permission.BIND_JOB_SERVICE" />
214-->[androidx.work:work-runtime:2.8.1] AndroidManifest.xml:51:13-69
215        <service
215-->[androidx.work:work-runtime:2.8.1] AndroidManifest.xml:53:9-59:35
216            android:name="androidx.work.impl.foreground.SystemForegroundService"
216-->[androidx.work:work-runtime:2.8.1] AndroidManifest.xml:54:13-81
217            android:directBootAware="false"
217-->[androidx.work:work-runtime:2.8.1] AndroidManifest.xml:55:13-44
218            android:enabled="@bool/enable_system_foreground_service_default"
218-->[androidx.work:work-runtime:2.8.1] AndroidManifest.xml:56:13-77
219            android:exported="false" />
219-->[androidx.work:work-runtime:2.8.1] AndroidManifest.xml:57:13-37
220
221        <receiver
221-->[androidx.work:work-runtime:2.8.1] AndroidManifest.xml:61:9-66:35
222            android:name="androidx.work.impl.utils.ForceStopRunnable$BroadcastReceiver"
222-->[androidx.work:work-runtime:2.8.1] AndroidManifest.xml:62:13-88
223            android:directBootAware="false"
223-->[androidx.work:work-runtime:2.8.1] AndroidManifest.xml:63:13-44
224            android:enabled="true"
224-->[androidx.work:work-runtime:2.8.1] AndroidManifest.xml:64:13-35
225            android:exported="false" />
225-->[androidx.work:work-runtime:2.8.1] AndroidManifest.xml:65:13-37
226        <receiver
226-->[androidx.work:work-runtime:2.8.1] AndroidManifest.xml:67:9-77:20
227            android:name="androidx.work.impl.background.systemalarm.ConstraintProxy$BatteryChargingProxy"
227-->[androidx.work:work-runtime:2.8.1] AndroidManifest.xml:68:13-106
228            android:directBootAware="false"
228-->[androidx.work:work-runtime:2.8.1] AndroidManifest.xml:69:13-44
229            android:enabled="false"
229-->[androidx.work:work-runtime:2.8.1] AndroidManifest.xml:70:13-36
230            android:exported="false" >
230-->[androidx.work:work-runtime:2.8.1] AndroidManifest.xml:71:13-37
231            <intent-filter>
231-->[androidx.work:work-runtime:2.8.1] AndroidManifest.xml:73:13-76:29
232                <action android:name="android.intent.action.ACTION_POWER_CONNECTED" />
232-->[androidx.work:work-runtime:2.8.1] AndroidManifest.xml:74:17-87
232-->[androidx.work:work-runtime:2.8.1] AndroidManifest.xml:74:25-84
233                <action android:name="android.intent.action.ACTION_POWER_DISCONNECTED" />
233-->[androidx.work:work-runtime:2.8.1] AndroidManifest.xml:75:17-90
233-->[androidx.work:work-runtime:2.8.1] AndroidManifest.xml:75:25-87
234            </intent-filter>
235        </receiver>
236        <receiver
236-->[androidx.work:work-runtime:2.8.1] AndroidManifest.xml:78:9-88:20
237            android:name="androidx.work.impl.background.systemalarm.ConstraintProxy$BatteryNotLowProxy"
237-->[androidx.work:work-runtime:2.8.1] AndroidManifest.xml:79:13-104
238            android:directBootAware="false"
238-->[androidx.work:work-runtime:2.8.1] AndroidManifest.xml:80:13-44
239            android:enabled="false"
239-->[androidx.work:work-runtime:2.8.1] AndroidManifest.xml:81:13-36
240            android:exported="false" >
240-->[androidx.work:work-runtime:2.8.1] AndroidManifest.xml:82:13-37
241            <intent-filter>
241-->[androidx.work:work-runtime:2.8.1] AndroidManifest.xml:84:13-87:29
242                <action android:name="android.intent.action.BATTERY_OKAY" />
242-->[androidx.work:work-runtime:2.8.1] AndroidManifest.xml:85:17-77
242-->[androidx.work:work-runtime:2.8.1] AndroidManifest.xml:85:25-74
243                <action android:name="android.intent.action.BATTERY_LOW" />
243-->[androidx.work:work-runtime:2.8.1] AndroidManifest.xml:86:17-76
243-->[androidx.work:work-runtime:2.8.1] AndroidManifest.xml:86:25-73
244            </intent-filter>
245        </receiver>
246        <receiver
246-->[androidx.work:work-runtime:2.8.1] AndroidManifest.xml:89:9-99:20
247            android:name="androidx.work.impl.background.systemalarm.ConstraintProxy$StorageNotLowProxy"
247-->[androidx.work:work-runtime:2.8.1] AndroidManifest.xml:90:13-104
248            android:directBootAware="false"
248-->[androidx.work:work-runtime:2.8.1] AndroidManifest.xml:91:13-44
249            android:enabled="false"
249-->[androidx.work:work-runtime:2.8.1] AndroidManifest.xml:92:13-36
250            android:exported="false" >
250-->[androidx.work:work-runtime:2.8.1] AndroidManifest.xml:93:13-37
251            <intent-filter>
251-->[androidx.work:work-runtime:2.8.1] AndroidManifest.xml:95:13-98:29
252                <action android:name="android.intent.action.DEVICE_STORAGE_LOW" />
252-->[androidx.work:work-runtime:2.8.1] AndroidManifest.xml:96:17-83
252-->[androidx.work:work-runtime:2.8.1] AndroidManifest.xml:96:25-80
253                <action android:name="android.intent.action.DEVICE_STORAGE_OK" />
253-->[androidx.work:work-runtime:2.8.1] AndroidManifest.xml:97:17-82
253-->[androidx.work:work-runtime:2.8.1] AndroidManifest.xml:97:25-79
254            </intent-filter>
255        </receiver>
256        <receiver
256-->[androidx.work:work-runtime:2.8.1] AndroidManifest.xml:100:9-109:20
257            android:name="androidx.work.impl.background.systemalarm.ConstraintProxy$NetworkStateProxy"
257-->[androidx.work:work-runtime:2.8.1] AndroidManifest.xml:101:13-103
258            android:directBootAware="false"
258-->[androidx.work:work-runtime:2.8.1] AndroidManifest.xml:102:13-44
259            android:enabled="false"
259-->[androidx.work:work-runtime:2.8.1] AndroidManifest.xml:103:13-36
260            android:exported="false" >
260-->[androidx.work:work-runtime:2.8.1] AndroidManifest.xml:104:13-37
261            <intent-filter>
261-->[androidx.work:work-runtime:2.8.1] AndroidManifest.xml:106:13-108:29
262                <action android:name="android.net.conn.CONNECTIVITY_CHANGE" />
262-->[androidx.work:work-runtime:2.8.1] AndroidManifest.xml:107:17-79
262-->[androidx.work:work-runtime:2.8.1] AndroidManifest.xml:107:25-76
263            </intent-filter>
264        </receiver>
265        <receiver
265-->[androidx.work:work-runtime:2.8.1] AndroidManifest.xml:110:9-121:20
266            android:name="androidx.work.impl.background.systemalarm.RescheduleReceiver"
266-->[androidx.work:work-runtime:2.8.1] AndroidManifest.xml:111:13-88
267            android:directBootAware="false"
267-->[androidx.work:work-runtime:2.8.1] AndroidManifest.xml:112:13-44
268            android:enabled="false"
268-->[androidx.work:work-runtime:2.8.1] AndroidManifest.xml:113:13-36
269            android:exported="false" >
269-->[androidx.work:work-runtime:2.8.1] AndroidManifest.xml:114:13-37
270            <intent-filter>
270-->[androidx.work:work-runtime:2.8.1] AndroidManifest.xml:116:13-120:29
271                <action android:name="android.intent.action.BOOT_COMPLETED" />
271-->[androidx.work:work-runtime:2.8.1] AndroidManifest.xml:117:17-79
271-->[androidx.work:work-runtime:2.8.1] AndroidManifest.xml:117:25-76
272                <action android:name="android.intent.action.TIME_SET" />
272-->[androidx.work:work-runtime:2.8.1] AndroidManifest.xml:118:17-73
272-->[androidx.work:work-runtime:2.8.1] AndroidManifest.xml:118:25-70
273                <action android:name="android.intent.action.TIMEZONE_CHANGED" />
273-->[androidx.work:work-runtime:2.8.1] AndroidManifest.xml:119:17-81
273-->[androidx.work:work-runtime:2.8.1] AndroidManifest.xml:119:25-78
274            </intent-filter>
275        </receiver>
276        <receiver
276-->[androidx.work:work-runtime:2.8.1] AndroidManifest.xml:122:9-131:20
277            android:name="androidx.work.impl.background.systemalarm.ConstraintProxyUpdateReceiver"
277-->[androidx.work:work-runtime:2.8.1] AndroidManifest.xml:123:13-99
278            android:directBootAware="false"
278-->[androidx.work:work-runtime:2.8.1] AndroidManifest.xml:124:13-44
279            android:enabled="@bool/enable_system_alarm_service_default"
279-->[androidx.work:work-runtime:2.8.1] AndroidManifest.xml:125:13-72
280            android:exported="false" >
280-->[androidx.work:work-runtime:2.8.1] AndroidManifest.xml:126:13-37
281            <intent-filter>
281-->[androidx.work:work-runtime:2.8.1] AndroidManifest.xml:128:13-130:29
282                <action android:name="androidx.work.impl.background.systemalarm.UpdateProxies" />
282-->[androidx.work:work-runtime:2.8.1] AndroidManifest.xml:129:17-98
282-->[androidx.work:work-runtime:2.8.1] AndroidManifest.xml:129:25-95
283            </intent-filter>
284        </receiver>
285        <receiver
285-->[androidx.work:work-runtime:2.8.1] AndroidManifest.xml:132:9-142:20
286            android:name="androidx.work.impl.diagnostics.DiagnosticsReceiver"
286-->[androidx.work:work-runtime:2.8.1] AndroidManifest.xml:133:13-78
287            android:directBootAware="false"
287-->[androidx.work:work-runtime:2.8.1] AndroidManifest.xml:134:13-44
288            android:enabled="true"
288-->[androidx.work:work-runtime:2.8.1] AndroidManifest.xml:135:13-35
289            android:exported="true"
289-->[androidx.work:work-runtime:2.8.1] AndroidManifest.xml:136:13-36
290            android:permission="android.permission.DUMP" >
290-->[androidx.work:work-runtime:2.8.1] AndroidManifest.xml:137:13-57
291            <intent-filter>
291-->[androidx.work:work-runtime:2.8.1] AndroidManifest.xml:139:13-141:29
292                <action android:name="androidx.work.diagnostics.REQUEST_DIAGNOSTICS" />
292-->[androidx.work:work-runtime:2.8.1] AndroidManifest.xml:140:17-88
292-->[androidx.work:work-runtime:2.8.1] AndroidManifest.xml:140:25-85
293            </intent-filter>
294        </receiver>
295
296        <meta-data
296-->[com.google.android.gms:play-services-basement:18.1.0] AndroidManifest.xml:21:9-23:69
297            android:name="com.google.android.gms.version"
297-->[com.google.android.gms:play-services-basement:18.1.0] AndroidManifest.xml:22:13-58
298            android:value="@integer/google_play_services_version" />
298-->[com.google.android.gms:play-services-basement:18.1.0] AndroidManifest.xml:23:13-66
299
300        <service
300-->[androidx.room:room-runtime:2.5.2] AndroidManifest.xml:24:9-28:63
301            android:name="androidx.room.MultiInstanceInvalidationService"
301-->[androidx.room:room-runtime:2.5.2] AndroidManifest.xml:25:13-74